mode: atomic
github.com/ontariosystems/isclib/qlist.go:11.49,15.24 2 0
github.com/ontariosystems/isclib/qlist.go:19.2,20.16 2 0
github.com/ontariosystems/isclib/qlist.go:24.2,24.44 1 0
github.com/ontariosystems/isclib/qlist.go:15.24,17.3 1 0
github.com/ontariosystems/isclib/qlist.go:20.16,22.3 1 0
github.com/ontariosystems/isclib/isclib.go:43.28,43.57 1 0
github.com/ontariosystems/isclib/isclib.go:46.35,48.2 1 0
github.com/ontariosystems/isclib/isclib.go:51.28,51.57 1 0
github.com/ontariosystems/isclib/isclib.go:54.35,56.2 1 0
github.com/ontariosystems/isclib/isclib.go:59.28,60.61 1 0
github.com/ontariosystems/isclib/isclib.go:65.2,65.61 1 0
github.com/ontariosystems/isclib/isclib.go:70.2,70.13 1 0
github.com/ontariosystems/isclib/isclib.go:60.61,63.3 2 0
github.com/ontariosystems/isclib/isclib.go:65.61,68.3 2 0
github.com/ontariosystems/isclib/isclib.go:75.41,77.16 2 0
github.com/ontariosystems/isclib/isclib.go:81.2,83.21 3 0
github.com/ontariosystems/isclib/isclib.go:92.2,92.38 1 0
github.com/ontariosystems/isclib/isclib.go:96.2,96.23 1 0
github.com/ontariosystems/isclib/isclib.go:77.16,79.3 1 0
github.com/ontariosystems/isclib/isclib.go:83.21,85.17 2 0
github.com/ontariosystems/isclib/isclib.go:89.3,89.42 1 0
github.com/ontariosystems/isclib/isclib.go:85.17,87.4 1 0
github.com/ontariosystems/isclib/isclib.go:92.38,94.3 1 0
github.com/ontariosystems/isclib/isclib.go:102.51,104.16 2 0
github.com/ontariosystems/isclib/isclib.go:107.2,107.29 1 0
github.com/ontariosystems/isclib/isclib.go:104.16,106.3 1 0
github.com/ontariosystems/isclib/isclib.go:113.57,115.49 2 2
github.com/ontariosystems/isclib/isclib.go:119.2,119.15 1 1
github.com/ontariosystems/isclib/isclib.go:115.49,117.3 1 1
github.com/ontariosystems/isclib/ensureuserisroot.go:8.31,10.16 2 0
github.com/ontariosystems/isclib/ensureuserisroot.go:14.2,14.21 1 0
github.com/ontariosystems/isclib/ensureuserisroot.go:18.2,18.12 1 0
github.com/ontariosystems/isclib/ensureuserisroot.go:10.16,12.3 1 0
github.com/ontariosystems/isclib/ensureuserisroot.go:14.21,16.3 1 0
github.com/ontariosystems/isclib/importdescription.go:29.91,33.16 3 11
github.com/ontariosystems/isclib/importdescription.go:52.2,52.37 1 8
github.com/ontariosystems/isclib/importdescription.go:56.2,56.21 1 6
github.com/ontariosystems/isclib/importdescription.go:64.2,64.18 1 6
github.com/ontariosystems/isclib/importdescription.go:34.2,36.41 2 4
github.com/ontariosystems/isclib/importdescription.go:37.2,39.36 2 6
github.com/ontariosystems/isclib/importdescription.go:43.3,43.32 1 5
github.com/ontariosystems/isclib/importdescription.go:46.3,47.24 2 4
github.com/ontariosystems/isclib/importdescription.go:48.2,49.38 1 1
github.com/ontariosystems/isclib/importdescription.go:39.36,41.4 1 1
github.com/ontariosystems/isclib/importdescription.go:43.32,45.4 1 1
github.com/ontariosystems/isclib/importdescription.go:52.37,54.3 1 2
github.com/ontariosystems/isclib/importdescription.go:56.21,57.41 1 2
github.com/ontariosystems/isclib/importdescription.go:57.41,59.4 1 2
github.com/ontariosystems/isclib/importdescription.go:59.4,61.4 1 0
github.com/ontariosystems/isclib/importdescription.go:67.45,69.17 2 2
github.com/ontariosystems/isclib/importdescription.go:74.2,74.75 1 2
github.com/ontariosystems/isclib/importdescription.go:69.17,71.3 1 1
github.com/ontariosystems/isclib/importdescription.go:71.3,73.3 1 1
github.com/ontariosystems/isclib/instance.go:56.35,58.16 2 0
github.com/ontariosystems/isclib/instance.go:62.2,62.29 1 0
github.com/ontariosystems/isclib/instance.go:58.16,60.3 1 0
github.com/ontariosystems/isclib/instance.go:67.62,69.17 2 2
github.com/ontariosystems/isclib/instance.go:73.2,73.62 1 1
github.com/ontariosystems/isclib/instance.go:77.2,77.60 1 1
github.com/ontariosystems/isclib/instance.go:81.2,81.55 1 1
github.com/ontariosystems/isclib/instance.go:85.2,92.12 7 1
github.com/ontariosystems/isclib/instance.go:69.17,71.3 1 1
github.com/ontariosystems/isclib/instance.go:73.62,75.3 1 0
github.com/ontariosystems/isclib/instance.go:77.60,79.3 1 0
github.com/ontariosystems/isclib/instance.go:81.55,83.3 1 0
github.com/ontariosystems/isclib/instance.go:98.63,100.2 1 0
github.com/ontariosystems/isclib/instance.go:105.61,107.2 1 0
github.com/ontariosystems/isclib/instance.go:111.34,113.21 1 0
github.com/ontariosystems/isclib/instance.go:119.2,119.35 1 0
github.com/ontariosystems/isclib/instance.go:123.2,123.23 1 0
github.com/ontariosystems/isclib/instance.go:127.2,127.12 1 0
github.com/ontariosystems/isclib/instance.go:113.21,114.109 1 0
github.com/ontariosystems/isclib/instance.go:114.109,116.4 1 0
github.com/ontariosystems/isclib/instance.go:119.35,121.3 1 0
github.com/ontariosystems/isclib/instance.go:123.23,125.3 1 0
github.com/ontariosystems/isclib/instance.go:132.33,135.19 3 0
github.com/ontariosystems/isclib/instance.go:146.2,146.35 1 0
github.com/ontariosystems/isclib/instance.go:150.2,150.22 1 0
github.com/ontariosystems/isclib/instance.go:154.2,154.12 1 0
github.com/ontariosystems/isclib/instance.go:135.19,137.32 2 0
github.com/ontariosystems/isclib/instance.go:140.3,141.90 2 0
github.com/ontariosystems/isclib/instance.go:137.32,139.4 1 0
github.com/ontariosystems/isclib/instance.go:141.90,143.4 1 0
github.com/ontariosystems/isclib/instance.go:146.35,148.3 1 0
github.com/ontariosystems/isclib/instance.go:150.22,152.3 1 0
github.com/ontariosystems/isclib/instance.go:159.49,163.2 3 0
github.com/ontariosystems/isclib/instance.go:168.45,170.16 2 0
github.com/ontariosystems/isclib/instance.go:174.2,174.31 1 0
github.com/ontariosystems/isclib/instance.go:170.16,172.3 1 0
github.com/ontariosystems/isclib/instance.go:180.57,181.43 1 0
github.com/ontariosystems/isclib/instance.go:185.2,186.16 2 0
github.com/ontariosystems/isclib/instance.go:190.2,191.16 2 0
github.com/ontariosystems/isclib/instance.go:195.2,196.16 2 0
github.com/ontariosystems/isclib/instance.go:200.2,207.12 3 0
github.com/ontariosystems/isclib/instance.go:181.43,183.3 1 0
github.com/ontariosystems/isclib/instance.go:186.16,188.3 1 0
github.com/ontariosystems/isclib/instance.go:191.16,193.3 1 0
github.com/ontariosystems/isclib/instance.go:196.16,198.3 1 0
github.com/ontariosystems/isclib/instance.go:212.105,214.16 2 0
github.com/ontariosystems/isclib/instance.go:218.2,219.16 2 0
github.com/ontariosystems/isclib/instance.go:223.2,232.16 5 0
github.com/ontariosystems/isclib/instance.go:236.2,236.59 1 0
github.com/ontariosystems/isclib/instance.go:240.2,240.17 1 0
github.com/ontariosystems/isclib/instance.go:214.16,216.3 1 0
github.com/ontariosystems/isclib/instance.go:219.16,221.3 1 0
github.com/ontariosystems/isclib/instance.go:232.16,234.3 1 0
github.com/ontariosystems/isclib/instance.go:236.59,238.3 1 0
github.com/ontariosystems/isclib/instance.go:251.84,257.16 4 0
github.com/ontariosystems/isclib/instance.go:260.2,267.16 5 0
github.com/ontariosystems/isclib/instance.go:271.2,274.36 3 0
github.com/ontariosystems/isclib/instance.go:279.2,282.62 3 0
github.com/ontariosystems/isclib/instance.go:287.2,291.26 4 0
github.com/ontariosystems/isclib/instance.go:257.16,259.3 1 0
github.com/ontariosystems/isclib/instance.go:267.16,269.3 1 0
github.com/ontariosystems/isclib/instance.go:274.36,277.3 2 0
github.com/ontariosystems/isclib/instance.go:282.62,285.3 2 0
github.com/ontariosystems/isclib/instance.go:294.76,296.21 2 0
github.com/ontariosystems/isclib/instance.go:300.2,300.19 1 0
github.com/ontariosystems/isclib/instance.go:304.2,305.35 2 0
github.com/ontariosystems/isclib/instance.go:309.2,309.12 1 0
github.com/ontariosystems/isclib/instance.go:296.21,298.3 1 0
github.com/ontariosystems/isclib/instance.go:300.19,302.3 1 0
github.com/ontariosystems/isclib/instance.go:305.35,307.3 1 0
github.com/ontariosystems/isclib/instance.go:315.81,318.2 2 0
github.com/ontariosystems/isclib/instance.go:322.63,325.16 3 0
github.com/ontariosystems/isclib/instance.go:328.2,330.29 2 0
github.com/ontariosystems/isclib/instance.go:325.16,327.3 1 0
github.com/ontariosystems/isclib/instance.go:333.65,336.16 3 1
github.com/ontariosystems/isclib/instance.go:339.2,339.49 1 1
github.com/ontariosystems/isclib/instance.go:336.16,338.3 1 1
github.com/ontariosystems/isclib/instance.go:342.77,344.16 2 0
github.com/ontariosystems/isclib/instance.go:348.2,350.56 2 0
github.com/ontariosystems/isclib/instance.go:355.2,355.35 1 0
github.com/ontariosystems/isclib/instance.go:365.2,365.28 1 0
github.com/ontariosystems/isclib/instance.go:344.16,346.3 1 0
github.com/ontariosystems/isclib/instance.go:350.56,352.3 1 0
github.com/ontariosystems/isclib/instance.go:355.35,360.17 1 0
github.com/ontariosystems/isclib/instance.go:360.17,362.4 1 0
github.com/ontariosystems/isclib/instance.go:368.42,369.26 1 0
github.com/ontariosystems/isclib/instance.go:373.2,373.23 1 0
github.com/ontariosystems/isclib/instance.go:369.26,371.3 1 0
github.com/ontariosystems/isclib/instance.go:376.42,377.26 1 0
github.com/ontariosystems/isclib/instance.go:381.2,381.23 1 0
github.com/ontariosystems/isclib/instance.go:377.26,379.3 1 0
github.com/ontariosystems/isclib/instance.go:384.106,386.16 2 0
github.com/ontariosystems/isclib/instance.go:390.2,391.17 2 0
github.com/ontariosystems/isclib/instance.go:395.2,396.17 2 0
github.com/ontariosystems/isclib/instance.go:400.2,400.26 1 0
github.com/ontariosystems/isclib/instance.go:386.16,388.3 1 0
github.com/ontariosystems/isclib/instance.go:391.17,393.3 1 0
github.com/ontariosystems/isclib/instance.go:396.17,398.3 1 0
github.com/ontariosystems/isclib/instances.go:8.43,9.37 1 0
github.com/ontariosystems/isclib/instances.go:15.2,15.12 1 0
github.com/ontariosystems/isclib/instances.go:9.37,10.43 1 0
github.com/ontariosystems/isclib/instances.go:10.43,12.4 1 0
github.com/ontariosystems/isclib/instancestatus.go:27.42,28.13 1 7
github.com/ontariosystems/isclib/instancestatus.go:29.2,30.15 1 2
github.com/ontariosystems/isclib/instancestatus.go:31.2,37.14 1 5
github.com/ontariosystems/isclib/instancestatus.go:42.40,43.13 1 7
github.com/ontariosystems/isclib/instancestatus.go:44.2,45.15 1 5
github.com/ontariosystems/isclib/instancestatus.go:46.2,49.14 1 2
github.com/ontariosystems/isclib/instancestatus.go:54.37,55.13 1 7
github.com/ontariosystems/isclib/instancestatus.go:56.2,57.15 1 3
github.com/ontariosystems/isclib/instancestatus.go:58.2,63.14 1 4
github.com/ontariosystems/isclib/instancestatus.go:68.39,69.13 1 7
github.com/ontariosystems/isclib/instancestatus.go:70.2,71.15 1 6
github.com/ontariosystems/isclib/instancestatus.go:72.2,74.14 1 1
github.com/ontariosystems/isclib/instancestatus.go:79.49,80.13 1 7
github.com/ontariosystems/isclib/instancestatus.go:81.2,82.15 1 5
github.com/ontariosystems/isclib/instancestatus.go:83.2,86.14 1 2
github.com/ontariosystems/isclib/parametersisc.go:35.60,39.21 3 3
github.com/ontariosystems/isclib/parametersisc.go:67.2,67.38 1 2
github.com/ontariosystems/isclib/parametersisc.go:71.2,71.16 1 1
github.com/ontariosystems/isclib/parametersisc.go:39.21,41.33 2 17
github.com/ontariosystems/isclib/parametersisc.go:44.3,45.18 2 12
github.com/ontariosystems/isclib/parametersisc.go:49.3,52.30 4 11
github.com/ontariosystems/isclib/parametersisc.go:56.3,56.36 1 11
github.com/ontariosystems/isclib/parametersisc.go:64.3,64.65 1 11
github.com/ontariosystems/isclib/parametersisc.go:41.33,42.12 1 5
github.com/ontariosystems/isclib/parametersisc.go:45.18,47.4 1 1
github.com/ontariosystems/isclib/parametersisc.go:52.30,54.4 1 5
github.com/ontariosystems/isclib/parametersisc.go:56.36,62.4 1 9
github.com/ontariosystems/isclib/parametersisc.go:67.38,69.3 1 1
github.com/ontariosystems/isclib/parametersisc.go:80.64,82.26 2 18
github.com/ontariosystems/isclib/parametersisc.go:99.2,100.14 2 16
github.com/ontariosystems/isclib/parametersisc.go:104.2,105.14 2 12
github.com/ontariosystems/isclib/parametersisc.go:109.2,110.14 2 10
github.com/ontariosystems/isclib/parametersisc.go:114.2,114.10 1 8
github.com/ontariosystems/isclib/parametersisc.go:83.2,85.18 2 8
github.com/ontariosystems/isclib/parametersisc.go:92.2,94.24 2 8
github.com/ontariosystems/isclib/parametersisc.go:95.2,96.20 1 2
github.com/ontariosystems/isclib/parametersisc.go:85.18,88.4 2 4
github.com/ontariosystems/isclib/parametersisc.go:88.4,91.4 2 4
github.com/ontariosystems/isclib/parametersisc.go:100.14,102.3 1 4
github.com/ontariosystems/isclib/parametersisc.go:105.14,107.3 1 2
github.com/ontariosystems/isclib/parametersisc.go:110.14,112.3 1 2
github.com/ontariosystems/isclib/parametersisc.go:123.61,125.22 2 9
github.com/ontariosystems/isclib/parametersisc.go:129.2,129.11 1 6
github.com/ontariosystems/isclib/parametersisc.go:125.22,127.3 1 3
github.com/ontariosystems/isclib/parametersisc.go:133.44,134.21 1 2
github.com/ontariosystems/isclib/parametersisc.go:138.2,138.35 1 1
github.com/ontariosystems/isclib/parametersisc.go:134.21,136.3 1 1
